<?xml version="1.0" encoding="UTF-8"?>
<!-- Generated by org.testng.reporters.JUnitXMLReporter -->
<testsuite ignored="0" hostname="Shoaibs-MacBook-Air.local" failures="0" tests="2" name="Surefire test" time="3.77" errors="0" timestamp="2025-05-25T20:52:09 IST">
  <testcase classname="io.cucumber.testng.AbstractTestNGCucumberTests" name="runScenario" time="3.465"/>
  <testcase classname="io.cucumber.testng.AbstractTestNGCucumberTests" name="runScenario" time="3.501"/>
</testsuite> <!-- Surefire test -->
