<?xml version="1.0" encoding="UTF-8"?>
<!-- Generated by org.testng.reporters.JUnitXMLReporter -->
<testsuite ignored="0" hostname="Shoaibs-MacBook-Air.local" failures="0" tests="2" name="Default test" time="24.427" errors="0" timestamp="2025-05-25T20:10:52 IST">
  <testcase classname="io.cucumber.testng.AbstractTestNGCucumberTests" name="runScenario" time="21.877"/>
  <testcase classname="io.cucumber.testng.AbstractTestNGCucumberTests" name="runScenario" time="23.421"/>
</testsuite> <!-- Default test -->
