<?xml version="1.0" encoding="UTF-8"?>
<testsuite xmlns:xsi="http://www.w3.org/2001/XMLSchema-instance" xsi:noNamespaceSchemaLocation="https://maven.apache.org/surefire/maven-surefire-plugin/xsd/surefire-test-report-3.0.xsd" version="3.0" name="TestSuite" time="3.952" tests="2" errors="0" skipped="0" failures="0">
  <properties>
[...]
</properties>
  <testcase name="runScenario[&quot;LoginToRSA&quot;, &quot;Login Page&quot;](1)" classname="runner.TestNGTestRunner" time="3.468">
    <system-out><![CDATA[
@login2
Scenario: LoginToSwagLabs                                                                                          # src/test/resources/Features/Login.feature:12

@login1
Scenario: LoginToRSA                                                                                   # src/test/resources/Features/Login.feature:5
Launching browser for scenario: LoginToRSA
Launching browser for scenario: LoginToSwagLabs
  Given the user launches the application "SwagLabs"                                                               # stepDefinitions.AutomationGeneral.launchApp(java.lang.String)
  Given the user launches the application "RSA"                                                        # stepDefinitions.AutomationGeneral.launchApp(java.lang.String)
  When the user enters the "#(username)" into the "RSA_Login_Username" textbox at the "RSA_Login" page # stepDefinitions.AutomationGeneral.enterText(java.lang.String,java.lang.String,java.lang.String)
  When the user enters the "standard_user" into the "SwagLabs_Login_Username" textbox at the "SwagLabs_Login" page # stepDefinitions.AutomationGeneral.enterText(java.lang.String,java.lang.String,java.lang.String)
  And the user enters the "#(password)" into the "RSA_Login_Password" textbox at the "RSA_Login" page  # stepDefinitions.AutomationGeneral.enterText(java.lang.String,java.lang.String,java.lang.String)
  And the user enters the "#(password)" into the "SwagLabs_Login_Password" textbox at the "SwagLabs_Login" page    # stepDefinitions.AutomationGeneral.enterText(java.lang.String,java.lang.String,java.lang.String)
  Then the user clicks on the "RSA_Login_Login" at the "RSA_Login" page                                # stepDefinitions.AutomationGeneral.clickOnElement(java.lang.String,java.lang.String)
Closing browser for scenario: LoginToRSA
  Then the user clicks on the "SwagLabs_Login_Login" at the "SwagLabs_Login" page                                  # stepDefinitions.AutomationGeneral.clickOnElement(java.lang.String,java.lang.String)
Closing browser for scenario: LoginToSwagLabs
]]></system-out>
    <system-err><![CDATA[SLF4J: Failed to load class "org.slf4j.impl.StaticLoggerBinder".
SLF4J: Defaulting to no-operation (NOP) logger implementation
SLF4J: See http://www.slf4j.org/codes.html#StaticLoggerBinder for further details.
May 25, 2025 8:52:09 PM org.openqa.selenium.devtools.CdpVersionFinder findNearestMatch
WARNING: Unable to find CDP implementation matching 136
May 25, 2025 8:52:09 PM org.openqa.selenium.devtools.CdpVersionFinder findNearestMatch
WARNING: Unable to find CDP implementation matching 136
May 25, 2025 8:52:09 PM org.openqa.selenium.chromium.ChromiumDriver lambda$new$5
WARNING: Unable to find version of CDP to use for 136.0.7103.114. You may need to include a dependency on a specific version of the CDP using something similar to `org.seleniumhq.selenium:selenium-devtools-v86:4.20.0` where the version ("v86") matches the version of the chromium-based browser you're using and the version number of the artifact is the same as Selenium's.
May 25, 2025 8:52:09 PM org.openqa.selenium.chromium.ChromiumDriver lambda$new$5
WARNING: Unable to find version of CDP to use for 136.0.7103.114. You may need to include a dependency on a specific version of the CDP using something similar to `org.seleniumhq.selenium:selenium-devtools-v86:4.20.0` where the version ("v86") matches the version of the chromium-based browser you're using and the version number of the artifact is the same as Selenium's.
]]></system-err>
  </testcase>
  <testcase name="runScenario[&quot;LoginToSwagLabs&quot;, &quot;Login Page&quot;](2)" classname="runner.TestNGTestRunner" time="3.502"/>
</testsuite>